<?xml version="1.0" encoding="UTF-8"?>
<!-- Generated by org.testng.reporters.JUnitReportReporter -->
<testsuite skipped="0" hostname="KannanPC" name="googleTest.GoogleTest" tests="1" failures="0" timestamp="11 Jun 2017 06:28:24 GMT" time="16.343" errors="0">
  <testcase name="loginTest" time="16.343" classname="googleTest.GoogleTest"/>
</testsuite> <!-- googleTest.GoogleTest -->
