<?xml version="1.0" encoding="UTF-8"?>
<!-- Generated by org.testng.reporters.JUnitReportReporter -->
<testsuite skipped="0" hostname="KannanPC" name="googleTest.GoogleTest" tests="1" failures="0" timestamp="10 Jun 2017 06:13:14 GMT" time="26.129" errors="0">
  <testcase name="loginTest" time="26.129" classname="googleTest.GoogleTest"/>
</testsuite> <!-- googleTest.GoogleTest -->
