<?xml version="1.0" encoding="UTF-8"?>
<!-- Generated by org.testng.reporters.JUnitReportReporter -->
<testsuite name="googleTest.GoogleTest" tests="1" time="18.266" ignored="0" failures="0" timestamp="17 Jun 2017 05:09:46 GMT" skipped="0" hostname="KannanPC" errors="0">
  <testcase name="loginTest" time="18.266" classname="googleTest.GoogleTest"/>
</testsuite> <!-- googleTest.GoogleTest -->
